2001.08.21 10:44 B F:\_module_SUPPORT\source support\admin\images\blank_dot.gif --> bsi8.beyondsolutions.com /d:/Inetpub/wwwroot/beyondsolutions/support/admin/images blank_dot.gif
2001.08.21 10:44 B F:\_module_SUPPORT\source support\admin\images\btn_accounts_off.gif --> bsi8.beyondsolutions.com /d:/Inetpub/wwwroot/beyondsolutions/support/admin/images btn_accounts_off.gif
2001.08.21 10:44 B F:\_module_SUPPORT\source support\admin\images\btn_accounts_on.gif --> bsi8.beyondsolutions.com /d:/Inetpub/wwwroot/beyondsolutions/support/admin/images btn_accounts_on.gif
2001.08.21 10:44 B F:\_module_SUPPORT\source support\admin\images\btn_admin_off.gif --> bsi8.beyondsolutions.com /d:/Inetpub/wwwroot/beyondsolutions/support/admin/images btn_admin_off.gif
2001.08.21 10:44 B F:\_module_SUPPORT\source support\admin\images\btn_admin_on.gif --> bsi8.beyondsolutions.com /d:/Inetpub/wwwroot/beyondsolutions/support/admin/images btn_admin_on.gif
2001.08.21 10:44 B F:\_module_SUPPORT\source support\admin\images\btn_auctions_off.gif --> bsi8.beyondsolutions.com /d:/Inetpub/wwwroot/beyondsolutions/support/admin/images btn_auctions_off.gif
2001.08.21 10:44 B F:\_module_SUPPORT\source support\admin\images\btn_auctions_on.gif --> bsi8.beyondsolutions.com /d:/Inetpub/wwwroot/beyondsolutions/support/admin/images btn_auctions_on.gif
2001.08.21 10:44 B F:\_module_SUPPORT\source support\admin\images\btn_categories_off.gif --> bsi8.beyondsolutions.com /d:/Inetpub/wwwroot/beyondsolutions/support/admin/images btn_categories_off.gif
2001.08.21 10:44 B F:\_module_SUPPORT\source support\admin\images\btn_categories_on.gif --> bsi8.beyondsolutions.com /d:/Inetpub/wwwroot/beyondsolutions/support/admin/images btn_categories_on.gif
2001.08.21 10:44 B F:\_module_SUPPORT\source support\admin\images\btn_classified_off.gif --> bsi8.beyondsolutions.com /d:/Inetpub/wwwroot/beyondsolutions/support/admin/images btn_classified_off.gif
2001.08.21 10:44 B F:\_module_SUPPORT\source support\admin\images\btn_classified_on.gif --> bsi8.beyondsolutions.com /d:/Inetpub/wwwroot/beyondsolutions/support/admin/images btn_classified_on.gif
2001.08.21 10:44 B F:\_module_SUPPORT\source support\admin\images\btn_defaults_off.gif --> bsi8.beyondsolutions.com /d:/Inetpub/wwwroot/beyondsolutions/support/admin/images btn_defaults_off.gif
2001.08.21 10:44 B F:\_module_SUPPORT\source support\admin\images\btn_defaults_on.gif --> bsi8.beyondsolutions.com /d:/Inetpub/wwwroot/beyondsolutions/support/admin/images btn_defaults_on.gif
2001.08.21 10:44 B F:\_module_SUPPORT\source support\admin\images\btn_login_off.gif --> bsi8.beyondsolutions.com /d:/Inetpub/wwwroot/beyondsolutions/support/admin/images btn_login_off.gif
2001.08.21 10:44 B F:\_module_SUPPORT\source support\admin\images\btn_login_on.gif --> bsi8.beyondsolutions.com /d:/Inetpub/wwwroot/beyondsolutions/support/admin/images btn_login_on.gif
2001.08.21 10:44 B F:\_module_SUPPORT\source support\admin\images\btn_reports_off.gif --> bsi8.beyondsolutions.com /d:/Inetpub/wwwroot/beyondsolutions/support/admin/images btn_reports_off.gif
2001.08.21 10:44 B F:\_module_SUPPORT\source support\admin\images\btn_reports_on.gif --> bsi8.beyondsolutions.com /d:/Inetpub/wwwroot/beyondsolutions/support/admin/images btn_reports_on.gif
2001.08.21 10:44 B F:\_module_SUPPORT\source support\admin\images\btn_setup_off.gif --> bsi8.beyondsolutions.com /d:/Inetpub/wwwroot/beyondsolutions/support/admin/images btn_setup_off.gif
2001.08.21 10:44 B F:\_module_SUPPORT\source support\admin\images\btn_setup_on.gif --> bsi8.beyondsolutions.com /d:/Inetpub/wwwroot/beyondsolutions/support/admin/images btn_setup_on.gif
2001.08.21 10:44 B F:\_module_SUPPORT\source support\admin\images\btn_siteinfo_off.gif --> bsi8.beyondsolutions.com /d:/Inetpub/wwwroot/beyondsolutions/support/admin/images btn_siteinfo_off.gif
2001.08.21 10:44 B F:\_module_SUPPORT\source support\admin\images\btn_siteinfo_on.gif --> bsi8.beyondsolutions.com /d:/Inetpub/wwwroot/beyondsolutions/support/admin/images btn_siteinfo_on.gif
2001.08.21 10:44 B F:\_module_SUPPORT\source support\admin\images\btn_spacer.gif --> bsi8.beyondsolutions.com /d:/Inetpub/wwwroot/beyondsolutions/support/admin/images btn_spacer.gif
2001.08.21 10:44 B F:\_module_SUPPORT\source support\admin\images\btn_spacer2.gif --> bsi8.beyondsolutions.com /d:/Inetpub/wwwroot/beyondsolutions/support/admin/images btn_spacer2.gif
2001.08.21 10:44 B F:\_module_SUPPORT\source support\admin\images\btn_support_off.gif --> bsi8.beyondsolutions.com /d:/Inetpub/wwwroot/beyondsolutions/support/admin/images btn_support_off.gif
2001.08.21 10:44 B F:\_module_SUPPORT\source support\admin\images\btn_support_on.gif --> bsi8.beyondsolutions.com /d:/Inetpub/wwwroot/beyondsolutions/support/admin/images btn_support_on.gif
2001.08.21 10:44 B F:\_module_SUPPORT\source support\admin\images\btn_users_off.gif --> bsi8.beyondsolutions.com /d:/Inetpub/wwwroot/beyondsolutions/support/admin/images btn_users_off.gif
2001.08.21 10:44 B F:\_module_SUPPORT\source support\admin\images\btn_users_on.gif --> bsi8.beyondsolutions.com /d:/Inetpub/wwwroot/beyondsolutions/support/admin/images btn_users_on.gif
2001.08.21 10:44 B F:\_module_SUPPORT\source support\admin\images\gray_horiz_line.gif --> bsi8.beyondsolutions.com /d:/Inetpub/wwwroot/beyondsolutions/support/admin/images gray_horiz_line.gif
2001.08.21 10:44 B F:\_module_SUPPORT\source support\admin\images\header_fill.gif --> bsi8.beyondsolutions.com /d:/Inetpub/wwwroot/beyondsolutions/support/admin/images header_fill.gif
2001.08.21 10:44 B F:\_module_SUPPORT\source support\admin\images\help.gif --> bsi8.beyondsolutions.com /d:/Inetpub/wwwroot/beyondsolutions/support/admin/images help.gif
2001.08.21 10:44 B F:\_module_SUPPORT\source support\admin\images\left.gif --> bsi8.beyondsolutions.com /d:/Inetpub/wwwroot/beyondsolutions/support/admin/images left.gif
2001.08.21 10:44 B F:\_module_SUPPORT\source support\admin\images\logout.gif --> bsi8.beyondsolutions.com /d:/Inetpub/wwwroot/beyondsolutions/support/admin/images logout.gif
2001.08.21 10:44 B F:\_module_SUPPORT\source support\admin\images\menu_left.gif --> bsi8.beyondsolutions.com /d:/Inetpub/wwwroot/beyondsolutions/support/admin/images menu_left.gif
2001.08.21 10:44 B F:\_module_SUPPORT\source support\admin\images\right.gif --> bsi8.beyondsolutions.com /d:/Inetpub/wwwroot/beyondsolutions/support/admin/images right.gif
2001.08.21 10:44 B F:\_module_SUPPORT\source support\admin\images\top_banner.gif --> bsi8.beyondsolutions.com /d:/Inetpub/wwwroot/beyondsolutions/support/admin/images top_banner.gif
2001.08.21 10:45 B F:\_module_SUPPORT\source support\admin\images\blank_dot.gif --> bsi8.beyondsolutions.com /d:/Inetpub/wwwroot/beyondsolutions/support/admin/images blank_dot.gif
2001.08.21 10:45 B F:\_module_SUPPORT\source support\admin\images\btn_accounts_off.gif --> bsi8.beyondsolutions.com /d:/Inetpub/wwwroot/beyondsolutions/support/admin/images btn_accounts_off.gif
2001.08.21 10:45 B F:\_module_SUPPORT\source support\admin\images\btn_accounts_on.gif --> bsi8.beyondsolutions.com /d:/Inetpub/wwwroot/beyondsolutions/support/admin/images btn_accounts_on.gif
2001.08.21 10:45 B F:\_module_SUPPORT\source support\admin\images\btn_admin_off.gif --> bsi8.beyondsolutions.com /d:/Inetpub/wwwroot/beyondsolutions/support/admin/images btn_admin_off.gif
2001.08.21 10:45 B F:\_module_SUPPORT\source support\admin\images\btn_admin_on.gif --> bsi8.beyondsolutions.com /d:/Inetpub/wwwroot/beyondsolutions/support/admin/images btn_admin_on.gif
2001.08.21 10:45 B F:\_module_SUPPORT\source support\admin\images\btn_auctions_off.gif --> bsi8.beyondsolutions.com /d:/Inetpub/wwwroot/beyondsolutions/support/admin/images btn_auctions_off.gif
2001.08.21 10:45 B F:\_module_SUPPORT\source support\admin\images\btn_auctions_on.gif --> bsi8.beyondsolutions.com /d:/Inetpub/wwwroot/beyondsolutions/support/admin/images btn_auctions_on.gif
2001.08.21 10:45 B F:\_module_SUPPORT\source support\admin\images\btn_categories_off.gif --> bsi8.beyondsolutions.com /d:/Inetpub/wwwroot/beyondsolutions/support/admin/images btn_categories_off.gif
2001.08.21 10:45 B F:\_module_SUPPORT\source support\admin\images\btn_categories_on.gif --> bsi8.beyondsolutions.com /d:/Inetpub/wwwroot/beyondsolutions/support/admin/images btn_categories_on.gif
2001.08.21 10:45 B F:\_module_SUPPORT\source support\admin\images\btn_classified_off.gif --> bsi8.beyondsolutions.com /d:/Inetpub/wwwroot/beyondsolutions/support/admin/images btn_classified_off.gif
2001.08.21 10:45 B F:\_module_SUPPORT\source support\admin\images\btn_classified_on.gif --> bsi8.beyondsolutions.com /d:/Inetpub/wwwroot/beyondsolutions/support/admin/images btn_classified_on.gif
2001.08.21 10:45 B F:\_module_SUPPORT\source support\admin\images\btn_defaults_off.gif --> bsi8.beyondsolutions.com /d:/Inetpub/wwwroot/beyondsolutions/support/admin/images btn_defaults_off.gif
2001.08.21 10:45 B F:\_module_SUPPORT\source support\admin\images\btn_defaults_on.gif --> bsi8.beyondsolutions.com /d:/Inetpub/wwwroot/beyondsolutions/support/admin/images btn_defaults_on.gif
2001.08.21 10:45 B F:\_module_SUPPORT\source support\admin\images\btn_login_off.gif --> bsi8.beyondsolutions.com /d:/Inetpub/wwwroot/beyondsolutions/support/admin/images btn_login_off.gif
2001.08.21 10:45 B F:\_module_SUPPORT\source support\admin\images\btn_login_on.gif --> bsi8.beyondsolutions.com /d:/Inetpub/wwwroot/beyondsolutions/support/admin/images btn_login_on.gif
2001.08.21 10:45 B F:\_module_SUPPORT\source support\admin\images\btn_reports_off.gif --> bsi8.beyondsolutions.com /d:/Inetpub/wwwroot/beyondsolutions/support/admin/images btn_reports_off.gif
2001.08.21 10:45 B F:\_module_SUPPORT\source support\admin\images\btn_reports_on.gif --> bsi8.beyondsolutions.com /d:/Inetpub/wwwroot/beyondsolutions/support/admin/images btn_reports_on.gif
2001.08.21 10:45 B F:\_module_SUPPORT\source support\admin\images\btn_setup_off.gif --> bsi8.beyondsolutions.com /d:/Inetpub/wwwroot/beyondsolutions/support/admin/images btn_setup_off.gif
2001.08.21 10:45 B F:\_module_SUPPORT\source support\admin\images\btn_setup_on.gif --> bsi8.beyondsolutions.com /d:/Inetpub/wwwroot/beyondsolutions/support/admin/images btn_setup_on.gif
2001.08.21 10:45 B F:\_module_SUPPORT\source support\admin\images\btn_siteinfo_off.gif --> bsi8.beyondsolutions.com /d:/Inetpub/wwwroot/beyondsolutions/support/admin/images btn_siteinfo_off.gif
2001.08.21 10:45 B F:\_module_SUPPORT\source support\admin\images\btn_siteinfo_on.gif --> bsi8.beyondsolutions.com /d:/Inetpub/wwwroot/beyondsolutions/support/admin/images btn_siteinfo_on.gif
2001.08.21 10:45 B F:\_module_SUPPORT\source support\admin\images\btn_spacer.gif --> bsi8.beyondsolutions.com /d:/Inetpub/wwwroot/beyondsolutions/support/admin/images btn_spacer.gif
2001.08.21 10:45 B F:\_module_SUPPORT\source support\admin\images\btn_spacer2.gif --> bsi8.beyondsolutions.com /d:/Inetpub/wwwroot/beyondsolutions/support/admin/images btn_spacer2.gif
2001.08.21 10:45 B F:\_module_SUPPORT\source support\admin\images\btn_support_off.gif --> bsi8.beyondsolutions.com /d:/Inetpub/wwwroot/beyondsolutions/support/admin/images btn_support_off.gif
2001.08.21 10:45 B F:\_module_SUPPORT\source support\admin\images\btn_support_on.gif --> bsi8.beyondsolutions.com /d:/Inetpub/wwwroot/beyondsolutions/support/admin/images btn_support_on.gif
2001.08.21 10:45 B F:\_module_SUPPORT\source support\admin\images\btn_users_off.gif --> bsi8.beyondsolutions.com /d:/Inetpub/wwwroot/beyondsolutions/support/admin/images btn_users_off.gif
2001.08.21 10:45 B F:\_module_SUPPORT\source support\admin\images\btn_users_on.gif --> bsi8.beyondsolutions.com /d:/Inetpub/wwwroot/beyondsolutions/support/admin/images btn_users_on.gif
2001.08.21 10:45 B F:\_module_SUPPORT\source support\admin\images\gray_horiz_line.gif --> bsi8.beyondsolutions.com /d:/Inetpub/wwwroot/beyondsolutions/support/admin/images gray_horiz_line.gif
2001.08.21 10:45 B F:\_module_SUPPORT\source support\admin\images\header_fill.gif --> bsi8.beyondsolutions.com /d:/Inetpub/wwwroot/beyondsolutions/support/admin/images header_fill.gif
2001.08.21 10:45 B F:\_module_SUPPORT\source support\admin\images\help.gif --> bsi8.beyondsolutions.com /d:/Inetpub/wwwroot/beyondsolutions/support/admin/images help.gif
2001.08.21 10:45 B F:\_module_SUPPORT\source support\admin\images\left.gif --> bsi8.beyondsolutions.com /d:/Inetpub/wwwroot/beyondsolutions/support/admin/images left.gif
2001.08.21 10:45 B F:\_module_SUPPORT\source support\admin\images\logout.gif --> bsi8.beyondsolutions.com /d:/Inetpub/wwwroot/beyondsolutions/support/admin/images logout.gif
2001.08.21 10:45 B F:\_module_SUPPORT\source support\admin\images\menu_left.gif --> bsi8.beyondsolutions.com /d:/Inetpub/wwwroot/beyondsolutions/support/admin/images menu_left.gif
2001.08.21 10:45 B F:\_module_SUPPORT\source support\admin\images\right.gif --> bsi8.beyondsolutions.com /d:/Inetpub/wwwroot/beyondsolutions/support/admin/images right.gif
2001.08.21 10:45 B F:\_module_SUPPORT\source support\admin\images\top_banner.gif --> bsi8.beyondsolutions.com /d:/Inetpub/wwwroot/beyondsolutions/support/admin/images top_banner.gif
